Arguments: 
  /usr/local/bin/node /usr/local/Cellar/yarn/1.22.4/libexec/bin/yarn.js init -w commonc

PATH: 
  /Users/cotars/.cargo/bin:/usr/local/bin:/usr/bin:/bin:/usr/sbin:/sbin:/usr/local/go/bin:/usr/local/share/dotnet:~/.dotnet/tools:/Library/Apple/usr/bin:/Users/cotars/.cargo/bin

Yarn version: 
  1.22.4

Node version: 
  14.3.0

Platform: 
  darwin x64

Trace: 
  Error: canceled
      at Interface.<anonymous> (/usr/local/Cellar/yarn/1.22.4/libexec/lib/cli.js:137008:13)
      at Interface.emit (events.js:315:20)
      at Interface._ttyWrite (readline.js:873:16)
      at ReadStream.onkeypress (readline.js:213:10)
      at ReadStream.emit (events.js:315:20)
      at emitKeys (internal/readline/utils.js:335:14)
      at emitKeys.next (<anonymous>)
      at ReadStream.onData (readline.js:1140:36)
      at ReadStream.emit (events.js:315:20)
      at addChunk (_stream_readable.js:302:12)

npm manifest: 
  {
    "name": "@aimelo/common",
    "private": true,
    "license": "MIT",
    "workspaces": [
      "packages/*"
    ],
    "devDependencies": {
      "lerna": "^4.0.0"
    },
    "scripts": {},
    "version": "0.0.0",
    "main": "index.js",
    "repository": "git@github.com:aimelo-io/aimelo-nestjs.git",
    "author": "aimelo <aimelo@gmail.com>"
  }

yarn manifest: 
  No manifest

Lockfile: 
  No lockfile
